The system is: Windows - 10.0.19041 - AMD64
Compiling the C compiler identification source file "CMakeCCompilerId.c" succeeded.
Compiler: C:/Program Files (x86)/Microsoft Visual Studio/2019/Community/VC/Tools/MSVC/14.27.29110/bin/Hostx64/x64/cl.exe 
Build flags: 
Id flags:  

The output was:
0
Microsoft (R) C/C++ Optimizing Compiler Version 19.27.29111 for x64
Copyright (C) Microsoft Corporation.  All rights reserved.

CMakeCCompilerId.c
Microsoft (R) Incremental Linker Version 14.27.29111.0
Copyright (C) Microsoft Corporation.  All rights reserved.

/out:CMakeCCompilerId.exe 
CMakeCCompilerId.obj 


Compilation of the C compiler identification source "CMakeCCompilerId.c" produced "CMakeCCompilerId.exe"

Compilation of the C compiler identification source "CMakeCCompilerId.c" produced "CMakeCCompilerId.obj"

The C compiler identification is MSVC, found in "C:/Users/Katherine/doubles/cmake-build-debug/CMakeFiles/3.17.3/CompilerIdC/CMakeCCompilerId.exe"

Determining if the C compiler works passed with the following output:
Change Dir: C:/Users/Katherine/doubles/cmake-build-debug/CMakeFiles/CMakeTmp

Run Build Command(s):nmake /nologo cmTC_51359\fast && 	"C:\Program Files (x86)\Microsoft Visual Studio\2019\Community\VC\Tools\MSVC\14.27.29110\bin\HostX64\x64\nmake.exe"  -f CMakeFiles\cmTC_51359.dir\build.make /nologo -L                  CMakeFiles\cmTC_51359.dir\build
Building C object CMakeFiles/cmTC_51359.dir/testCCompiler.c.obj
	C:\PROGRA~2\MICROS~2\2019\COMMUN~1\VC\Tools\MSVC\1427~1.291\bin\Hostx64\x64\cl.exe @C:\Users\KATHER~1\AppData\Local\Temp\nm4678.tmp
testCCompiler.c
Linking C executable cmTC_51359.exe
	"C:\Program Files\JetBrains\CLion 2020.2.2\bin\cmake\win\bin\cmake.exe" -E vs_link_exe --intdir=CMakeFiles\cmTC_51359.dir --rc=C:\PROGRA~2\WI3CF2~1\10\bin\100183~1.0\x64\rc.exe --mt=C:\PROGRA~2\WI3CF2~1\10\bin\100183~1.0\x64\mt.exe --manifests  -- C:\PROGRA~2\MICROS~2\2019\COMMUN~1\VC\Tools\MSVC\1427~1.291\bin\Hostx64\x64\link.exe /nologo @CMakeFiles\cmTC_51359.dir\objects1.rsp @C:\Users\KATHER~1\AppData\Local\Temp\nm46B7.tmp



Detecting C compiler ABI info compiled with the following output:
Change Dir: C:/Users/Katherine/doubles/cmake-build-debug/CMakeFiles/CMakeTmp

Run Build Command(s):nmake /nologo cmTC_d67c3\fast && 	"C:\Program Files (x86)\Microsoft Visual Studio\2019\Community\VC\Tools\MSVC\14.27.29110\bin\HostX64\x64\nmake.exe"  -f CMakeFiles\cmTC_d67c3.dir\build.make /nologo -L                  CMakeFiles\cmTC_d67c3.dir\build
Building C object CMakeFiles/cmTC_d67c3.dir/CMakeCCompilerABI.c.obj
	C:\PROGRA~2\MICROS~2\2019\COMMUN~1\VC\Tools\MSVC\1427~1.291\bin\Hostx64\x64\cl.exe @C:\Users\KATHER~1\AppData\Local\Temp\nm47DF.tmp
CMakeCCompilerABI.c
Linking C executable cmTC_d67c3.exe
	"C:\Program Files\JetBrains\CLion 2020.2.2\bin\cmake\win\bin\cmake.exe" -E vs_link_exe --intdir=CMakeFiles\cmTC_d67c3.dir --rc=C:\PROGRA~2\WI3CF2~1\10\bin\100183~1.0\x64\rc.exe --mt=C:\PROGRA~2\WI3CF2~1\10\bin\100183~1.0\x64\mt.exe --manifests  -- C:\PROGRA~2\MICROS~2\2019\COMMUN~1\VC\Tools\MSVC\1427~1.291\bin\Hostx64\x64\link.exe /nologo @CMakeFiles\cmTC_d67c3.dir\objects1.rsp @C:\Users\KATHER~1\AppData\Local\Temp\nm480F.tmp



